C:\Program Files\Microsoft Visual Studio\2022\Community\MSBuild\Microsoft\VC\v170\Microsoft.CppBuild.targets(534,5): warning MSB8028: la directory intermedia (x64\Debug\) contiene file condivisi da un altro progetto (CPU_Terrain_Project.vcxproj, LOD_Terrain_Project.vcxproj, OpenGL_4.6_Template.vcxproj). Tale condizione può comportare un comportamento di pulizia e ricompilazione non corretto.
  main.cpp
C:\Marco\UNIVERSITA\Tesi\Progetto_OpenGL_confronto_CPU_Dinamic\Dinamic_CPU_Terrain_Project\Dinamic_CPU_Terrain_Project\main.cpp(21,24): warning C4305: 'inizializzazione': troncamento da 'double' a 'float'
C:\Marco\UNIVERSITA\Tesi\Progetto_OpenGL_confronto_CPU_Dinamic\Dinamic_CPU_Terrain_Project\Dinamic_CPU_Terrain_Project\main.cpp(113,47): warning C4305: 'inizializzazione': troncamento da 'double' a 'float'
C:\Marco\UNIVERSITA\Tesi\Progetto_OpenGL_confronto_CPU_Dinamic\Dinamic_CPU_Terrain_Project\Dinamic_CPU_Terrain_Project\main.cpp(114,47): warning C4305: 'inizializzazione': troncamento da 'double' a 'float'
C:\Marco\UNIVERSITA\Tesi\Progetto_OpenGL_confronto_CPU_Dinamic\Dinamic_CPU_Terrain_Project\Dinamic_CPU_Terrain_Project\main.cpp(115,47): warning C4305: 'inizializzazione': troncamento da 'double' a 'float'
C:\Marco\UNIVERSITA\Tesi\Progetto_OpenGL_confronto_CPU_Dinamic\Dinamic_CPU_Terrain_Project\Dinamic_CPU_Terrain_Project\main.cpp(259,25): warning C4244: 'inizializzazione': conversione da 'double' a 'float'. Possibile perdita di dati.
C:\Marco\UNIVERSITA\Tesi\Progetto_OpenGL_confronto_CPU_Dinamic\Dinamic_CPU_Terrain_Project\Dinamic_CPU_Terrain_Project\main.cpp(289,83): warning C4244: 'argomento': conversione da 'float' a 'int'. Possibile perdita di dati.
C:\Marco\UNIVERSITA\Tesi\Progetto_OpenGL_confronto_CPU_Dinamic\Dinamic_CPU_Terrain_Project\Dinamic_CPU_Terrain_Project\main.cpp(289,72): warning C4244: 'argomento': conversione da 'float' a 'int'. Possibile perdita di dati.
C:\Marco\UNIVERSITA\Tesi\Progetto_OpenGL_confronto_CPU_Dinamic\Dinamic_CPU_Terrain_Project\Dinamic_CPU_Terrain_Project\main.cpp(290,87): warning C4244: 'argomento': conversione da 'float' a 'int'. Possibile perdita di dati.
C:\Marco\UNIVERSITA\Tesi\Progetto_OpenGL_confronto_CPU_Dinamic\Dinamic_CPU_Terrain_Project\Dinamic_CPU_Terrain_Project\main.cpp(290,76): warning C4244: 'argomento': conversione da 'float' a 'int'. Possibile perdita di dati.
C:\Marco\UNIVERSITA\Tesi\Progetto_OpenGL_confronto_CPU_Dinamic\Dinamic_CPU_Terrain_Project\Dinamic_CPU_Terrain_Project\main.cpp(291,89): warning C4244: 'argomento': conversione da 'float' a 'int'. Possibile perdita di dati.
C:\Marco\UNIVERSITA\Tesi\Progetto_OpenGL_confronto_CPU_Dinamic\Dinamic_CPU_Terrain_Project\Dinamic_CPU_Terrain_Project\main.cpp(291,78): warning C4244: 'argomento': conversione da 'float' a 'int'. Possibile perdita di dati.
C:\Marco\UNIVERSITA\Tesi\Progetto_OpenGL_confronto_CPU_Dinamic\Dinamic_CPU_Terrain_Project\Dinamic_CPU_Terrain_Project\main.cpp(292,85): warning C4244: 'argomento': conversione da 'float' a 'int'. Possibile perdita di dati.
C:\Marco\UNIVERSITA\Tesi\Progetto_OpenGL_confronto_CPU_Dinamic\Dinamic_CPU_Terrain_Project\Dinamic_CPU_Terrain_Project\main.cpp(292,74): warning C4244: 'argomento': conversione da 'float' a 'int'. Possibile perdita di dati.
C:\Marco\UNIVERSITA\Tesi\Progetto_OpenGL_confronto_CPU_Dinamic\Dinamic_CPU_Terrain_Project\Dinamic_CPU_Terrain_Project\main.cpp(397,78): warning C4267: 'argomento': conversione da 'size_t' a 'GLsizei'. Possibile perdita di dati.
C:\Marco\UNIVERSITA\Tesi\Progetto_OpenGL_confronto_CPU_Dinamic\Dinamic_CPU_Terrain_Project\Dinamic_CPU_Terrain_Project\main.cpp(416,38): warning C4244: 'inizializzazione': conversione da 'double' a 'float'. Possibile perdita di dati.
C:\Marco\UNIVERSITA\Tesi\Progetto_OpenGL_confronto_CPU_Dinamic\Dinamic_CPU_Terrain_Project\Dinamic_CPU_Terrain_Project\main.cpp(418,42): warning C4244: 'inizializzazione': conversione da 'double' a 'float'. Possibile perdita di dati.
C:\Marco\UNIVERSITA\Tesi\Progetto_OpenGL_confronto_CPU_Dinamic\Dinamic_CPU_Terrain_Project\Dinamic_CPU_Terrain_Project\main.cpp(424,38): warning C4244: 'inizializzazione': conversione da 'double' a 'float'. Possibile perdita di dati.
C:\Marco\UNIVERSITA\Tesi\Progetto_OpenGL_confronto_CPU_Dinamic\Dinamic_CPU_Terrain_Project\Dinamic_CPU_Terrain_Project\main.cpp(426,42): warning C4244: 'inizializzazione': conversione da 'double' a 'float'. Possibile perdita di dati.
C:\Marco\UNIVERSITA\Tesi\Progetto_OpenGL_confronto_CPU_Dinamic\Dinamic_CPU_Terrain_Project\Dinamic_CPU_Terrain_Project\main.cpp(451,106): warning C4267: 'argomento': conversione da 'size_t' a 'GLsizei'. Possibile perdita di dati.
C:\Marco\UNIVERSITA\Tesi\Progetto_OpenGL_confronto_CPU_Dinamic\Dinamic_CPU_Terrain_Project\Dinamic_CPU_Terrain_Project\main.cpp(457,107): warning C4267: 'argomento': conversione da 'size_t' a 'GLsizei'. Possibile perdita di dati.
C:\Marco\UNIVERSITA\Tesi\Progetto_OpenGL_confronto_CPU_Dinamic\Dinamic_CPU_Terrain_Project\Dinamic_CPU_Terrain_Project\main.cpp(462,72): warning C4267: 'argomento': conversione da 'size_t' a 'GLsizei'. Possibile perdita di dati.
C:\Marco\UNIVERSITA\Tesi\Progetto_OpenGL_confronto_CPU_Dinamic\Dinamic_CPU_Terrain_Project\Dinamic_CPU_Terrain_Project\main.cpp(488,76): warning C4267: 'argomento': conversione da 'size_t' a 'GLsizei'. Possibile perdita di dati.
C:\Marco\UNIVERSITA\Tesi\Progetto_OpenGL_confronto_CPU_Dinamic\Dinamic_CPU_Terrain_Project\Dinamic_CPU_Terrain_Project\main.cpp(501,77): warning C4267: 'argomento': conversione da 'size_t' a 'GLsizei'. Possibile perdita di dati.
C:\Marco\UNIVERSITA\Tesi\Progetto_OpenGL_confronto_CPU_Dinamic\Dinamic_CPU_Terrain_Project\Dinamic_CPU_Terrain_Project\main.cpp(514,76): warning C4267: 'argomento': conversione da 'size_t' a 'GLsizei'. Possibile perdita di dati.
  Dinamic_CPU_Terrain_Project.vcxproj -> C:\Marco\UNIVERSITA\Tesi\Progetto_OpenGL_confronto_CPU_Dinamic\Dinamic_CPU_Terrain_Project\x64\Debug\Dinamic_CPU_Terrain_Project.exe
